790
790
790
750
700
683
683
596
596
596
591
591
591
591
591
591
550
550
538
538
538
538
538
524
499
499
499
499
498
498
493
444
444
444
444
444
444
437
422
422
392
392
392
392
392
392
391
391
391
391
377
347
347
347
347
347
347
338
338
313
313
313
313
313
313
313
313
313
313
313
313
313
313
313
313
313
313
313
313
313
313
299
299
299
299
299
299
299
299
299
299
299
299
299
299
299
299
279
278
278
278
267
266
266
266
266
266
266
266
266
266
266
266
236
236
236
236
236
232
230
230
230
230
230
230
230
230
230
227
227
227
227
227
227
227
227
227
227
227
227
227
227
227
227
227
227
216
216
216
216
216
216
216
216
210
210
210
210
210
210
210
210
210
210
210
210
210
210
209
209
209
209
209
209
209
209
209
209
209
209
209
206
206
206
206
205
205
205
205
205
205
205
205
204
204
195
195
195
195
195
195
195
195
195
195
195
195
195
195
195
195
195
195
195
195
187
183
183
183
183
183
183
182
182
182
182
182
182
182
182
182
182
182
182
182
182
182
182
182
182
182
182
182
181
181
181
181
181
177
177
177
177
177
177
177
177
177
177
177
177
177
177
174
174
174
170
170
169
169
169
169
169
169
169
169
169
169
169
169
169
169
169
169
169
169
169
169
169
169
169
169
169
169
161
160
160
160
158
