7370
10586
6282
11732
9781
11256
6718
192
4759
2164
5825
60
4936
7478
7950
8672
4607
7957
10513
3944
9524
12124
1857
3068
2747
11039
13098
5129
3888
300
1207
721
12027
3561
9054
9503
2676
6132
12438
1403
5037
7968
4733
2944
10511
12958
4518
8601
825
6605
12433
11848
3970
912
8946
11489
7619
2324
6218
6586
5301
7450
9905
6228
4808
460
8673
1365
12074
4532
4912
4152
3546
3900
7427
9970
5209
11663
13037
657
2540
8205
2573
1599
9739
12318
4398
9590
9260
9786
1881
799
11168
1516
176
5945
8973
966
2643
3801
3043
6967
2100
12615
12101
4394
13026
13065
8176
5720
626
3795
10060
2644
7907
6093
8304
10859
9440
4901
9656
11847
2473
9150
4602
1053
8013
9047
1950
11363
8049
549
12787
7452
2271
11388
9739
4275
1004
10747
5871
3915
6567
4233
4101
12555
9496
12360
854
6867
12521
11469
4212
6606
3788
7206
1493
4953
10387
4997
6955
5173
9261
8148
6427
6497
10292
4675
8262
4890
9737
8007
4319
8365
11098
7815
11174
1645
8070
853
8166
4178
8646
10559
8009
11802
8242
3310
11199
5600
3947
2953
1449
1755
10324
10336
8055
11215
11304
3263
12899
1063
5577
3391
3046
1639
1039
753
11980
5668
10972
11035
5203
40
12506
3154
3329
12385
11660
12319
10299
1848
5006
5462
8632
842
8667
10517
8978
9025
10193
11378
9253
7235
767
1899
8118
12080
9087
2038
6822
1389
5779
10241
12760
11399
5984
9830
5290
12992
3298
3246
8119
12304
10214
8607
5954
8689
8325
5527
7085
7028
5197
469
2572
5103
927
2033
5950
9139
8968
10937
2614
11477
12929
11731
5785
9284
3732
5332
9294
11737
5190
4038
7472
9603
9643
1814
3569
11923
6784
11880
6787
5745
1172
990
4649
9133
5166
8848
2603
8053
7126
7139
12763
12711
6960
9069
5077
10599
794
10271
4215
107
6652
9940
4568
12346
13062
7376
5050
3709
8019
236
5966
12273
9525
10580
7622
1017
6042
7725
10695
4486
3490
3025
4867
1531
8234
2382
11803
12646
11810
12484
11665
2430
3467
9592
2231
6287
10564
1623
7505
9968
9524
199
9056
942
8865
7280
10211
8357
2665
3685
10082
606
4568
4479
5446
7137
4425
11467
7453
6097
5586
6362
7410
10186
11140
11328
9776
10034
11897
6840
1402
10788
2220
8605
817
5038
10581
1853
4521
12820
695
8354
257
5117
10236
10807
8298
12877
2802
10251
6290
1335
9904
5964
13083
8405
12399
3779
3792
9331
7155
12462
10009
5832
9763
2680
11914
12027
6409
11642
2392
2658
12321
529
447
7125
795
1660
644
8649
4124
5374
2901
2169
6653
5702
4430
1678
9608
8432
6736
9662
6101
1470
10747
1424
9964
5448
878
2768
7735
8092
9044
11992
3895
4955
10111
2216
2367
2549
2489
3981
2593
10102
11533
5876
10497
6479
3124
1204
11711
769
8270
9896
11914
2616
666
10356
307
7242
11473
3999
6299
8536
10062
2868
745
419
9134
5717
8322
6241
1040
1873
12017
4893
605
3134
3353
2716
11084
11628
7973
2259
4656
2417
8162
11948
9567
12687
11004
4905
2233
9720
392
10637
10718
9409
8501
11642
10136
96
5468
12033
3168
11873
403
2984
10553
4339
12996
8464
10648
4805
7338
1555
11765
12322
11112
5823
8308
8179
203
1824
3822
7344
7951
5529
9685
6750
88
4368
6055
657
307
12697
9239
10773
7812
11049
9796
181
8206
5014
3784
11582
12205
6968
12757
5733
4354
6520
497
3038
11260
7963
988
3987
1034
3982
12224
2821
7348
3277
9520
3010
5836
7518
13028
8099
2218
3032
12573
1038
3661
6413
12116
3811
5249
7179
10409
7763
4165
3502
9417
10144
2288
536
11301
186
10720
10210
3905
12076
3162
285
392
9367
2353
2382
1762
6885
10570
11793
376
10705
7473
7070
11398
12387
1990
10476
938
10767
7184
5903
12437
9530
3554
2585
6377
2997
9057
8789
3094
3079
6338
7026
4410
2214
2870
9679
8508
3539
833
11260
565
265
8101
7912
10175
9123
11376
5540
273
547
3513
3194
6626
923
12507
4411
3784
13004
903
3939
8502
3427
2843
2323
1393
9939
737
9097
7434
1061
13098
8109
7758
12824
540
3331
10408
11785
9523
687
4636
8742
2919
4547
8700
3697
6954
2870
1393
11043
10731
6424
12255
7932
11443
10863
3994
1949
9020
13005
5379
8990
2203
2460
10004
6330
12583
7398
7506
5340
5416
10780
3702
8068
8591
12500
2617
4452
10588
1376
3619
10792
4077
7390
13035
4811
5036
11497
5153
6668
7966
1096
2723
4154
8242
1038
1857
10793
13019
1391
3465
7536
1389
4838
6829
3948
4060
10012
5089
9489
1185
9859
8359
6212
5427
4488
2994
2014
2372
2691
4394
6561
10596
11955
6307
9157
12258
3909
10723
10405
3406
12476
6777
3345
6427
10820
3700
8420
5644
12774
50
5386
2460
5533
6907
10970
6528
1944
7053
862
2590
2607
7778
3855
10293
12153
3388
810
1938
4710
4981
8968
4969
8824
6328
10494
9773
10831
3646
699
9996
3691
4245
11539
5292
11453
10261
5921
5675
10543
4222
9293
11301
9741
1702
7224
6969
1003
832
1742
10737
3513
12004
3712
6167
4513
10629
863
7258
6660
9470
5904
7190
11584
1599
1463
7155
4827
9748
4694
7665
8276
6316
2428
1424
2894
5363
5788
7127
10563
12108
1869
121
7037
152
11601
1995
6998
8540
5314
1254
6617
4290
3270
6992
6247
8841
7624
12079
8707
3234
1334
10815
5936
5480
1293
4825
6808
5160
8253
10657
823
4744
10726
3579
2288
9915
3659
7132
4174
8615
8771
723
12462
4028
4815
12593
3403
9899
3533
4415
283
8265
9419
6855
7753
394
7250
7503
280
7160
3695
10940
3879
5316
5090
8750
9055
9668
9915
3468
3500
12799
2802
8032
6318
4890
2887
7545
12180
8417
8577
1300
2607
9584
9868
7169
11379
9423
1990
1991
8049
10864
823
7898
5899
7581
7641
9824
1246
574
1398
5669
5922
3416
11694
5888
3026
9690
9458
8136
8944
1417
9369
194
5992
11656
3216
3479
7941
5058
13074
518
8898
9246
1847
8022
12783
11881
8229
7527
11763
3445
8196
8769
5865
8648
754
9775
10941
1525
3811
11040
2816
5635
12156
5098
7301
12328
9638
7197
8223
5622
9115
8757
1356
1817
2353
11216
10708
12006
3331
9174
1428
6299
1280
1204
4268
10801
7381
2438
5592
9443
11043
6314
9527
5021
3572
392
9917
2923
3482
10056
3324
9838
4555
12669
3569
7753
4542
10872
5548
8284
9009
2412
3109
3769
10737
4201
8614
11846
9989
12470
8401
3447
10383
3759
11972
3182
3010
3200
10704
7550
4928
10308
4040
9847
7312
4830
889
344
4025
6893
9700
7591
8641
7615
3863
10109
7583
6227
6749
7190
6692
9462
8056
12526
722
6530
12753
10278
10149
10993
13076
4427
1410
12829
1472
4320
5628
10539
11508
11885
2986
5752
2821
10271
5216
12427
10329
6809
8749
2244
6179
11944
2076
8934
12852
6729
652
11304
7900
3700
5058
1551
750
4487
6
2757
6425
11651
7441
9245
7657
2557
10154
7383
10467
10086
8253
11037
9542
8098
11496
6984
7849
8396
7368
6671
11465
1946
9059
8137
13105
6735
595
11687
3365
12223
1294
11185
9990
4264
973
74
7516
4645
1484
5154
12233
7390
7646
4197
8208
8611
6542
2297
6169
11624
950
5090
12203
7508
5156
6826
11269
9850
2989
6084
4647
12353
12342
10160
9825
568
7249
1769
9573
4550
11945
12123
7465
9050
12968
12313
6430
9486
4238
2868
2061
3928
7152
-3
3738
1
985
10558
5012
10147
11978
8443
8018
9342
7475
4551
10189
12334
1416
324
5758
8337
4341
8496
2014
2317
1006
9898
10887
5325
8387
3709
3026
426
4362
6895
7478
1876
1985
2863
3470
11203
7622
9633
10328
1046
6862
5691
8735
5500
4484
1398
7677
2439
547
7341
8287
7164
7473
4254
8619
10383
3185
6396
10018
9593
3788
8497
12086
2815
7051
37
9214
10089
2757
7163
1869
5009
11101
5381
9680
4968
4709
4120
7243
6002
2737
2022
5948
10825
9210
9225
6301
6156
5503
5914
4343
7225
10062
7183
12793
12161
8532
11866
5167
10411
3634
5024
5720
5978
1007
1849
10714
2881
9998
1011
2961
5437
6528
5577
7401
7071
2608
5907
4043
6887
12643
3815
30
1832
8152
11902
11360
6497
5332
2193
7031
9240
9968
699
12160
8422
3372
13070
2932
11054
8602
4292
12993
6831
964
11356
5400
9354
3784
8137
8559
7213
2185
8253
4587
8483
2691
11888
2975
8251
2904
7017
10835
10151
1837
11310
4925
10165
12185
11091
10245
8491
8429
6522
9602
9679
7928
6182
12375
11435
9210
10115
6836
8234
10708
7656
5870
9504
4885
3021
2541
7134
129
3295
6044
10220
5177
8108
569
2577
1729
778
10637
7020
10836
6792
10927
6928
3343
9635
7959
559
8732
12569
5585
4588
2719
10134
11347
6851
6214
743
5254
12487
2490
810
1831
13058
19
8223
8996
9718
5335
6615
1794
11885
10628
10760
2367
11244
9075
8559
4583
9825
11937
9707
4914
10531
1673
4163
8893
9067
4806
894
12893
880
8852
2749
747
2601
12305
9102
7446
9819
10447
7253
1033
8660
9174
4422
2055
2434
1077
9390
8078
233
8665
2236
11511
7518
11415
10949
5968
5005
5275
5883
7560
7849
11597
5748
11945
8688
8995
1692
5842
729
11020
929
6023
2624
1251
6558
8505
6234
1162
12073
4697
4889
8512
10598
12383
9867
2973
5843
3558
3179
5686
11490
4106
10016
9582
13017
11803
2172
2908
9623
7605
17
7618
5616
7905
5528
1335
3150
541
2520
11526
9987
259
11019
1346
9311
1140
12109
6379
10061
9160
5592
10707
7043
10891
3584
8299
8095
9472
12846
317
10746
9590
5541
7293
6490
4345
9548
4251
12985
2844
3891
1585
3032
7188
12402
9832
5653
4090
2352
5760
12075
10586
7627
5276
1415
3444
4457
6621
7279
7504
11571
950
2503
2085
8621
10639
8401
12649
266
11315
8916
7375
3317
12823
10798
5156
9370
10735
388
1722
1377
4970
6897
2242
11275
7162
10143
3179
8868
10016
7233
1930
1963
11068
2030
8154
7140
11589
9602
4288
9157
4244
9732
12604
312
1557
7013
6547
8803
495
807
7250
10332
1258
9156
11313
11941
1331
2825
11900
6502
4283
11150
8478
7256
4170
6786
4983
5528
10711
1856
9708
8666
10626
1434
10492
944
9258
11249
4136
11059
8334
7636
1163
10707
11540
776
5936
11613
5490
8063
11680
6727
7949
2584
10056
4882
12755
7706
2561
1659
1974
9633
354
4073
12135
2768
12612
4716
5346
10321
10351
9879
4481
1968
9804
3677
6872
9564
211
5714
4672
8553
4288
12294
6849
10903
9245
5003
10326
2210
4257
13047
12158
11600
6663
7158
10125
12845
10903
4602
5128
10703
4793
5629
5041
10767
492
10034
4166
4263
1602
9279
3471
6706
11179
6369
6401
6595
2062
11209
3153
7454
6934
11383
8991
5999
114
10070
12520
11104
3864
120
4179
12297
13040
5180
6451
1998
12746
4730
676
12676
11076
4659
13061
11425
7874
4819
5519
5926
4241
7452
4044
7812
903
1084
6130
10789
11107
11527
7563
9784
9650
10412
4710
8535
1596
8866
11693
2637
744
8565
223
3589
9930
6921
11906
11998
2704
3916
9657
5566
11784
10467
6193
7250
9210
6229
10686
11154
11133
3624
3152
1394
531
8800
2350
12369
9093
10466
4098
6838
3995
9592
73
4777
12181
11485
11163
4278
10537
6411
4602
8694
1051
4185
9287
3304
9069
5050
10075
11917
4395
11309
676
11285
7756
1355
12345
4134
2097
10318
12909
2266
2937
2408
4053
11267
12257
7222
2357
3712
391
8560
8911
11972
7435
5345
6519
13034
10413
8532
11373
11383
1661
494
8013
5786
3597
698
4148
9911
6112
2189
8337
9304
10810
1269
9397
11483
11082
2618
9808
6144
225
39
8383
5513
7279
10961
10702
7734
3532
7982
2044
1284
7190
9184
338
10207
6226
12878
6105
10000
806
12640
6471
2495
8087
770
6816
461
3066
12809
11903
839
5260
3330
8473
12120
9737
11578
1903
4512
11530
1265
2266
6116
5523
3326
11730
3990
1002
11233
772
4302
11666
9240
3754
2243
7993
2068
6686
5941
2244
6961
6735
9873
4143
8063
8057
8845
4271
4235
6057
856
11577
5958
12589
4478
894
7806
4263
12453
6088
1782
3399
12407
5254
5397
3198
9272
4094
12874
12840
9878
3032
159
12052
9378
5224
10513
12622
5385
28
5645
3195
740
520
6779
761
7793
4063
1677
12050
1939
6879
10279
9610
8039
7107
8038
1239
4673
9648
8107
9385
677
6375
920
12826
8283
10251
370
7961
4984
12694
12862
6165
1678
7978
8202
6647
7760
6166
9831
10245
10883
8383
3456
8516
10771
9951
4359
886
2303
5127
8606
178
12683
6646
11244
585
9001
1325
56
12592
4273
12099
3295
8115
7678
4592
8072
11137
2694
4857
11332
6740
5598
9124
7056
8790
7396
-4
1269
11640
9462
3748
2404
8677
8133
4817
304
12701
7329
6422
12369
12339
6424
814
208
8789
3061
6887
10809
1668
10536
4386
4830
2897
11425
1013
945
12654
4428
9337
12200
10330
657
12185
10306
12492
8272
8372
9411
1409
5672
7665
7335
12652
8132
1122
7203
1335
5007
11688
1220
11531
3362
2379
8728
6622
7784
8775
10802
2600
1766
11069
4704
6487
9416
4381
7252
8872
1538
5157
7751
4114
12940
6818
864
12427
12552
2456
8227
11667
10945
9318
9914
1932
12196
3106
8572
6169
6906
11225
3431
7015
5884
11033
5339
3109
10269
96
969
1629
9140
2690
10418
12319
5317
12195
2275
4014
3252
857
6914
6784
11788
9707
8576
6198
9143
4215
9643
9451
1328
6856
4521
8426
3623
8533
7880
9737
10492
12582
5676
1144
6444
1868
12825
11028
4847
12454
1280
12512
9656
12051
297
12588
5018
3181
1618
11733
12113
9937
10607
4727
3260
724
7041
8986
1452
9453
12659
3177
10836
9190
2909
11217
1553
10260
3842
4842
777
2811
7192
4068
2157
5815
5098
9131
7775
12790
40
12552
6310
4815
3620
12987
5275
4393
10509
4356
12382
-13
367
6044
5514
3149
6885
2908
9152
2547
5090
4962
2081
11249
9731
3800
10205
10962
5254
9253
4381
2628
8249
9172
9667
6209
478
9406
6461
9828
7871
9803
3590
12212
10619
8250
8349
1176
12247
6249
11132
12450
5422
2913
11120
6747
5099
4032
4196
10435
4414
6114
11976
8844
11020
8703
7367
11758
6432
1876
12465
2420
11778
7825
1189
6118
11033
6243
420
3352
6991
5357
9044
1606
290
9903
10588
4217
9208
3675
476
6801
12708
12530
1808
8654
12799
11662
4253
12613
7082
4860
9297
289
2067
623
11689
669
1894
3014
8695
3272
11971
4093
11026
3741
4747
4312
2913
11945
5197
8177
8777
9197
7517
8583
4144
12006
11419
12040
11718
6446
7653
59
2608
1931
4445
10013
8761
8298
3216
8086
1147
1072
2105
12818
5507
6686
1097
10466
10115
5500
8947
3329
6101
7095
12152
7057
3300
9206
11358
10372
8379
10548
6852
1922
4621
12394
11891
11965
12035
8612
2218
11391
4727
3426
11315
9092
627
4826
4464
6773
8363
6297
3595
7708
2185
9669
3983
1171
3294
10200
10462
644
5620
9499
9918
5293
7885
3968
10822
2109
8290
957
5807
9335
520
10469
1415
3326
11034
12216
10201
4405
6570
3012
5047
7083
217
6368
6287
3704
1630
5293
70
9623
8278
7548
2450
11474
11484
7899
7286
8820
3995
4303
1186
4940
2394
2662
6365
12424
5536
10149
7226
8024
7152
3945
9513
6932
9979
6330
9574
7845
2308
4441
4264
5068
1552
2330
2807
2203
8002
9570
824
1524
12223
4817
8350
7725
4509
6336
1063
7442
11915
12680
4027
2587
5914
10866
6719
6132
8447
12165
10882
218
2773
11034
1240
595
3378
11202
9670
5036
9603
897
10559
8596
97
8396
1424
7597
7615
1978
6356
5290
12042
1100
2594
5838
5239
5904
5957
10158
5374
6772
723
160
7070
8860
1999
3347
12050
5615
2076
1677
8899
6626
9840
12549
6881
1245
402
1001
5924
2803
10257
3239
7501
2568
11431
2741
975
3911
10063
4782
3951
5847
2362
7415
12652
1264
10980
722
6175
2890
4925
6563
4926
5536
4721
2475
12803
2305
5622
4027
138
2420
7390
5085
6405
11463
6344
11058
8574
92
2143
8553
842
5446
6315
2064
10438
11373
12936
12917
10252
716
10376
1430
3404
9264
7813
175
4714
10892
10843
26
10700
909
12003
8113
10323
2528
8906
2635
10786
9342
11203
7296
12344
8122
9638
9992
11010
3217
12303
1165
2913
3293
4004
721
3377
9749
12073
7864
2198
6677
3317
5087
12112
4988
5579
3004
1133
9471
8022
8330
9970
653
7278
6452
8888
9920
2818
11283
5257
12989
6926
11869
8662
8305
4171
12336
10560
5437
3921
8039
5154
2040
3032
2535
11668
1668
2382
150
6619
7060
12193
-1
1968
2003
6263
4899
6780
332
9121
5646
3779
4788
1292
6233
6102
6858
9580
11434
10927
1411
2543
2856
6977
2880
10294
8497
10117
10723
10133
3360
8712
2751
10303
8489
2261
8600
4382
8127
2676
1588
5966
12464
10550
1656
6332
4471
6645
9763
12340
5914
10105
9246
7406
1092
7570
8474
5793
6286
1670
6083
3756
9871
8924
10599
10853
5691
6683
9125
4410
1894
12853
3175
3507
5271
9990
7017
281
7132
2035
8092
11187
10259
7250
7804
11518
4879
296
11613
2983
12018
154
7553
4065
10441
2305
11931
2728
9315
4501
11854
2630
4768
7796
1119
5334
3398
6054
4603
7228
8173
3623
12631
11324
6147
7983
8625
1258
9859
11320
11565
8732
9016
12869
2126
12212
2277
3506
7664
7553
4351
4657
5494
1819
2567
3756
11123
8521
6580
9365
10931
5383
8149
3179
1431
11486
8038
11423
3698
8927
5089
7787
1113
10289
308
1229
9579
9669
2334
7540
5305
1076
8542
9539
11442
11290
708
10537
2985
3589
7976
10828
9748
5742
1052
12057
11437
3784
10749
10125
4595
7807
12411
2721
5769
1401
8490
11857
3865
10741
7850
2833
5791
4929
6846
1825
5257
7648
11214
5077
5525
667
7341
7879
4451
12720
492
8925
7568
46
2527
3171
3247
3962
7818
2619
5193
8630
10393
6172
4755
9986
9552
10655
3547
8004
3911
10152
8391
222
214
10275
1654
3377
10900
4562
4987
11093
499
5141
608
5509
4392
9347
11271
10047
13104
7359
11782
12631
2444
4589
12368
8583
4698
6311
12600
5686
10911
4134
9456
4908
5940
3092
7057
8791
5280
11451
1686
5271
1570
5575
7871
5746
4580
1541
7473
5878
4227
10359
5214
666
749
7836
7181
1109
10213
11070
1119
13069
6271
12339
3696
4853
7621
6415
4687
7381
9890
6328
4487
6270
10827
8474
832
6011
11012
11621
3472
4085
3063
11516
10962
5815
1731
10106
2429
1841
10225
229
9411
12466
1179
4399
5992
2851
4155
10300
10229
9334
11281
12896
3682
5373
2568
5581
9925
5007
11949
12463
4306
10729
11757
4200
8723
2201
8415
12140
4793
5347
8581
8144
5608
5836
261
8891
11532
8226
977
11438
6594
5148
2673
8963
9230
474
10110
8314
6602
7990
2163
9745
8441
12241
12839
1458
10896
9812
4105
8127
1275
12825
2519
10173
3814
1717
1618
8575
8978
10663
10124
12983
9479
4976
9984
5075
11453
9124
7769
8369
8209
532
9256
2563
7841
1558
8477
9758
10234
2753
4920
11927
11691
5715
8952
1281
11488
2062
9863
5776
6677
6405
10841
11608
1805
12437
154
5262
7167
2971
2662
4058
12388
990
1786
9689
983
4432
7415
2793
6041
1053
7295
4622
9948
11428
12079
9291
3394
2298
9983
9466
6368
11349
1982
10513
12389
11479
12207
7016
12921
12646
8393
207
10252
8079
7376
3995
6024
688
11820
173
4174
5027
1128
51
2728
11432
2551
2974
131
4418
6597
8916
3269
8621
2148
6342
11043
5699
36
1205
12409
9817
5877
8189
12634
783
7669
4272
8355
2951
4183
1803
3975
8429
9068
5489
3268
6897
3901
10118
2633
3800
10913
13056
12257
1013
10227
2293
339
5284
2626
11546
9099
12034
8747
6667
10592
4070
4034
9580
12987
4199
12932
1052
11266
11645
7912
8613
5133
5513
6776
12609
5295
2436
1317
11152
2334
10987
5425
8124
2516
725
67
2729
12881
4052
10976
7016
1811
10039
4398
12524
5335
3923
7449
10961
12282
8409
7177
3600
8435
8427
8474
12007
9078
8854
2150
12137
1479
1998
12913
797
7091
2177
5197
11512
1002
3394
-9
965
3648
4287
10100
12167
3522
8213
3036
11805
12857
12173
9873
4279
6786
10231
12818
3348
8358
11918
4899
5315
4917
9617
11903
3205
10064
151
11137
2646
9625
7976
9121
13009
644
5175
2848
1079
6053
3465
8425
3473
12332
3600
12438
4844
304
12107
3931
1272
4110
7047
7655
12680
1261
10397
1278
5424
932
4807
4539
12862
2797
9069
12662
8669
10123
11416
10227
4568
4887
8854
12653
5562
3426
9266
4786
6071
8749
8641
11859
789
3823
9311
1927
10423
11996
604
12724
4101
1914
6630
4751
6898
3622
4586
4638
12432
3555
2000
792
2100
11577
10789
11381
4911
11682
9844
9538
2113
6063
974
7636
3476
8416
1010
12056
7488
12639
9225
5824
2451
2515
2727
11519
8410
2386
12064
11752
2953
11381
1856
2130
5837
4984
2209
6762
7973
3635
5617
3492
6817
12042
9925
8199
4331
12322
10348
3326
6241
11536
6290
12220
10213
11875
9757
4884
8304
9045
3132
1808
4703
5038
3144
9047
8395
9777
8880
7524
1559
4827
3520
9302
1298
579
10446
10807
4911
3372
6528
18
2525
10412
7676
4609
4349
6349
11706
10779
4090
788
8447
1535
9423
1884
4539
9789
8831
4826
10617
2751
5266
7978
3864
3762
12470
4557
10222
6168
241
2144
4618
6794
11806
4525
9650
1563
7767
8185
12180
9270
12848
670
12798
4938
2293
12680
11291
12277
12802
1704
6953
1147
5911
12427
437
9494
8347
11026
10407
4645
4965
9631
48
8593
3711
8714
1876
1969
10542
6887
8217
72
5857
12126
7474
12534
1267
2329
8997
4745
6349
5468
3969
4930
9981
10923
6689
3307
2758
445
5601
10037
1002
7084
7874
10079
6849
5104
6822
11294
9320
11549
3437
2565
220
5756
3496
5225
4601
7815
2883
8205
8178
1484
1152
9694
4269
2753
3248
7840
3016
12266
10088
6532
3013
8560
10434
9323
3892
8554
1033
2198
7289
11686
8000
3347
6531
11219
5243
9741
4046
7186
4776
10932
4324
7917
4569
4490
8364
6916
3604
13003
9822
733
5315
11023
6019
8493
9692
10964
10372
1193
6997
6374
1116
3311
12419
8699
2577
12212
10636
6973
10989
11173
6795
7712
442
10140
659
11201
9082
9597
1514
2100
4317
5316
5567
7663
11583
7766
1056
13067
9005
10992
1269
9589
7084
2143
644
5250
12040
12181
10970
10537
4069
10900
7660
13032
8718
88
8559
5760
12912
3573
10427
4370
289
6453
5452
297
1581
827
12699
7152
2148
6943
6293
4217
8738
4180
2472
12351
12761
7972
4137
1358
7769
4072
12581
8551
8636
2477
1587
9986
6660
1223
11011
3144
5079
4289
6106
12377
3792
1712
757
4449
11869
3908
11778
2237
9302
12020
1871
3529
2152
2968
7644
6159
723
7988
7186
8737
12380
9214
12029
12993
9918
8435
3582
1402
6307
5488
2125
8377
142
4807
6494
9541
1222
10231
846
9117
5395
8604
2462
11266
10475
7136
6293
5807
7410
7213
9801
8431
12501
5730
75
10376
9474
11403
8157
8698
11269
10196
7794
11808
5298
11058
12219
7417
5325
1464
2474
10657
224
9587
1279
9046
8986
10792
4489
862
6486
5986
6019
8950
8089
10125
11083
4311
11849
2886
11946
1812
7597
12004
4565
266
1128
1747
6813
2738
389
12105
12931
12282
3570
11049
1940
3151
1697
10764
140
11516
9304
1972
1110
5123
4841
7820
5287
3523
3838
8405
8749
3403
2600
10992
6715
10324
2328
4062
11895
6669
8441
4647
8784
12930
5483
2429
1503
6413
12284
10462
10735
12080
7635
12495
6843
11398
1839
3838
1843
10222
5019
7612
11991
3358
10126
769
8849
6449
3910
12382
3222
10723
5615
493
12472
4906
2621
6010
3577
11995
5440
6732
7984
9668
12829
9000
2288
9479
4728
9782
261
6883
2197
12916
2331
11226
11229
7677
12127
12166
7409
1442
2423
13001
891
1405
589
226
11314
11226
5219
6520
4841
2999
9369
4790
3564
8855
12307
733
12638
4484
6624
8805
1877
3957
6330
3785
6675
12171
11120
5032
7851
4958
11497
5023
9744
2603
8680
4371
1974
1034
10029
9351
1433
9221
12806
4561
4290
9716
2876
6143
5002
12622
7320
11604
3974
6280
4674
3695
3759
1300
7002
8562
6788
10745
12722
11069
1762
5872
224
3097
4004
4241
1972
7086
5749
2548
9617
9500
6759
2681
11965
892
7122
13055
8425
4349
1862
12623
10781
837
3217
7897
7470
308
12369
124
8071
9580
5579
6383
10774
1883
983
3736
10856
6026
8734
6103
10760
502
9263
11629
5549
5978
11576
4274
9449
8899
8544
9205
5330
4785
12357
5939
561
3799
12993
250
6090
11748
3888
5941
3809
12730
9175
2126
7551
5885
7826
10128
7563
4311
3516
1499
8484
9649
4341
4419
3375
1194
4316
1876
1768
5390
5695
2089
7108
9699
3723
5498
8719
9067
12173
12834
1747
1763
12142
8558
8725
12917
7058
11528
11026
1792
911
9277
12948
6709
4177
11974
2772
3068
2171
3051
6980
12222
3631
9566
2044
2171
12291
3733
11403
12765
77
2642
7418
7211
13100
12493
11484
633
3907
561
12450
6612
6301
12939
4526
11624
10213
5751
649
3595
8620
5479
8174
2064
6930
8865
6156
11273
7521
2425
3013
1212
9266
9887
3936
8284
8648
9971
6305
1528
2353
294
9714
12736
4855
10192
1559
6086
1860
10500
9608
11527
10487
8481
12261
10667
9745
70
7527
8013
4049
2539
5159
11853
9391
10106
7192
3921
2026
3597
3356
2215
13018
1044
7270
7608
1409
5227
2758
4570
4469
5030
9506
2792
1106
4812
6439
1709
12853
3021
713
9317
10023
11596
6697
9984
2795
11647
314
12664
2984
2470
6235
8948
575
12766
2964
11405
7362
8842
236
1882
10580
916
12951
12343
6628
6900
10743
10962
10440
4716
10
12472
790
4299
3060
6793
11529
3156
12325
7195
1594
9196
12003
8354
1785
12646
1234
11575
1334
12157
5806
12463
6180
3232
12921
3046
7313
7456
12345
2095
3215
11814
21
8176
10663
1258
9336
6915
11784
6072
141
6087
7622
6705
11177
6699
7615
10634
13077
2117
7839
12836
11630
4911
10036
10455
8923
9836
3097
5838
5076
10853
11610
11376
1854
6774
1881
3423
7829
8441
12474
9027
5844
8221
11155
10697
812
3703
2394
10145
3578
9760
5464
1997
3288
6809
8158
1405
7027
8679
450
7871
2350
945
10134
10066
139
12122
8779
5217
505
2867
2876
7257
12585
5941
8866
4080
10727
5634
3221
8027
9932
2267
5623
3526
12216
12949
6178
810
6730
8300
12397
12907
11046
8110
6109
7991
9147
8323
6693
7542
8977
1403
5029
2516
10060
11284
3911
2539
11745
12210
7627
7696
10377
6404
64
8534
10914
11583
3217
567
1007
10871
6120
545
5291
9121
266
11867
10325
12345
3766
4815
9045
8673
8219
3149
7582
3461
6091
2133
7509
3507
6471
5993
2784
3058
164
1587
4634
10626
4937
12304
2480
12025
7713
9456
5083
444
12996
8716
4875
8303
1538
11089
9201
9668
8247
10889
7962
7574
5460
5423
8142
5436
10332
6313
4661
5847
10739
15
5180
11440
10445
1741
4107
834
10563
6153
10755
11267
5746
5171
468
43
8114
7647
11432
8995
7533
7857
7429
2901
11771
8455
4185
11152
10146
5520
807
8794
3893
1493
4662
8816
12283
6696
5388
12223
1493
3047
2972
11837
11981
1424
11380
11024
11987
8532
11133
4735
1858
8909
8767
1411
2049
699
5776
7315
3369
7019
8749
12377
10666
10243
1820
4120
9537
5961
12401
9065
95
6041
8301
5134
6272
4114
5972
5755
8126
8183
10322
1553
6745
9294
8238
8595
12222
4428
3437
145
7119
7661
130
10638
3140
10833
1872
5232
7888
11153
11574
66
6265
1297
7381
717
9011
277
11656
7672
11229
7483
4369
10612
4892
10745
8609
10217
6196
9067
7304
2501
5739
10845
5633
4095
12342
7464
3516
442
6439
1120
8938
558
296
7798
565
1568
7826
9688
9878
7527
3187
868
8366
10337
11816
8514
6139
11710
6803
10700
7904
7524
3296
315
9992
12944
10365
10945
11990
10749
10843
558
4026
6101
8302
11749
7845
4147
10039
6282
1810
2568
11758
2400
4621
11907
10196
4319
3583
12036
4166
11886
2291
1841
10323
5695
4525
11488
2038
12372
12907
11304
7108
1387
2896
5800
10572
5916
3347
11424
3229
9834
8260
9688
5759
6431
8225
6870
2447
6512
10323
3476
8023
8665
7168
4811
4643
10722
248
6859
11843
9438
11514
10015
859
2091
5071
8384
6994
2684
7044
6750
7853
7354
4162
13069
12940
826
1499
6381
10610
3731
2901
11179
8471
3625
6490
3069
9908
5693
1550
12665
5331
6329
6481
8224
4347
7743
3506
2924
4065
7945
6169
6249
11524
5554
10356
3426
2127
6199
12580
1990
10826
4313
3782
1276
2147
5902
3871
2895
3975
583
6347
9810
6980
754
3063
769
10091
3705
10824
11238
1705
7884
7627
6315
8435
4539
1743
4212
1071
10379
10728
4894
12056
10021
2658
11986
5371
4972
9480
3975
10470
11902
5907
11917
8548
10027
13080
2056
4106
8127
6893
9299
6384
8351
11719
9969
12422
11009
12265
6141
4802
7765
10983
6577
3540
2962
8869
9409
1679
9961
690
12608
7235
10256
11273
12985
8272
5605
2447
6949
5146
6403
4284
5847
4938
8694
12254
544
4599
11952
3737
6493
1758
12425
8777
5167
7354
11112
12116
5589
7381
10380
797
2271
4821
12196
629
436
11036
4808
9162
3657
12327
3568
9113
3039
3840
1635
9553
7267
11886
984
10083
9049
57
5606
6083
5263
12770
3458
8596
5972
6004
2241
278
5473
7246
1448
11157
7592
1985
5328
12300
129
5073
11224
7788
9610
2980
12723
10497
331
2277
4413
6259
11085
1261
1410
11434
4974
2484
8003
1115
9453
736
1223
9312
8810
12009
7634
7992
8753
12197
11367
10511
10778
8728
8186
6339
1523
8884
8465
2317
8970
2733
2729
13054
3300
365
7288
560
8900
5104
6841
12126
8382
1370
3397
5311
5482
9973
1385
2105
11012
600
7507
9063
4224
2732
6069
4294
611
8319
1297
4999
3410
7424
9139
5424
9198
12069
11116
8217
2043
3342
1754
5123
1635
11082
11310
11496
8255
11749
12321
11050
1815
11409
11070
6653
8041
12373
9889
7744
9069
7814
10203
5783
12845
4009
4143
4158
6347
5141
7277
10163
2137
12702
1032
2515
7810
311
7917
5319
10337
8235
11084
6450
1352
3525
6618
8530
3930
4024
5080
3078
9386
7249
8254
11549
7509
12863
965
10432
5143
7369
9833
1824
7244
2788
6476
7119
12657
11582
8873
10012
11454
10008
1060
5856
10165
8048
11507
288
6327
2973
9731
9445
3753
-3
1313
9520
3506
8552
6276
5736
9366
659
69
11365
8904
2204
146
2050
8546
2197
10241
2975
4732
7966
5348
7154
9126
10148
10256
267
10044
1788
9264
200
902
12223
1809
6584
10381
11446
7118
4325
3189
12768
5124
7993
5219
6762
10079
3212
7495
1588
1500
7507
3032
12700
1129
1677
11889
1542
7116
7152
3365
12692
8719
7581
3000
11064
2486
3074
4929
9177
10152
775
3553
12494
6305
6800
775
5726
5224
6860
1824
6413
4883
954
12594
1999
11442
372
12421
6715
12860
-11
7250
1988
6568
4881
5673
9551
2681
5881
9792
9067
2389
9376
7679
1407
4567
3199
6799
8074
486
2636
3553
6735
9881
6636
6944
12672
397
7682
11283
4338
5492
3699
9993
8128
7869
11313
11103
1046
8213
2219
1772
11857
3662
11617
6289
732
7397
12243
1677
3035
4178
13037
5031
12347
12519
1904
5478
9391
4172
8391
2426
5755
8912
10419
6387
10537
11106
162
1806
11718
5309
12094
3493
11722
954
8626
9771
12035
2613
3190
9751
12670
4946
1492
5162
191
2254
10071
7860
2740
13045
6926
12639
2730
1130
5729
10886
8330
8226
3688
6155
8693
12919
9611
4844
9387
944
8134
8828
4069
10875
4161
9400
38
11126
3584
9374
6259
1374
8504
7311
9856
10765
1130
9661
6634
5992
7968
5204
7167
10813
8325
6677
4999
4180
1669
2303
12190
3786
11269
691
4676
6880
10634
11803
302
11378
9000
3467
7549
12442
7368
3511
1969
727
8574
7160
9205
1556
2762
3780
6159
10786
7021
5544
7137
11128
1696
11947
7742
3048
12656
2292
8804
11239
11434
8527
2709
884
852
6015
685
5257
10296
2760
9327
6023
906
12205
8749
11690
8424
1427
10943
6668
12388
11485
1888
6864
3495
3998
3333
11952
301
10917
4939
11805
1989
10728
3080
7676
8157
2798
1978
8663
1200
4752
3182
3823
8762
12251
10073
1294
10581
12620
7508
3495
4293
491
8880
10375
7367
7685
12829
10966
8173
4154
1185
2962
10472
9957
3823
697
927
12382
8058
5554
9934
2687
643
4098
3812
1257
11470
7356
1323
5951
1554
12848
8447
7450
1780
7852
7119
6316
4198
239
11174
5468
12220
11884
6119
4274
764
7986
8173
7459
9071
11634
7329
9346
12324
10237
3589
5980
4685
7881
5625
8962
5259
456
4738
8363
197
5140
3055
2903
4394
12647
3932
5561
6847
6714
3986
11415
9374
11604
13032
6567
1599
9815
10105
4799
2862
6008
5980
7313
1080
554
2472
3390
11180
4133
5736
11950
4055
1579
2087
7012
7606
8997
668
1718
12806
1551
12578
3275
12384
219
5151
8628
1994
2681
2201
1889
9107
7897
2278
5803
5535
2685
3676
3658
5326
2707
4444
7289
6712
3013
4531
8485
1472
9078
9130
10828
12024
3874
7700
10666
12183
8367
7049
5971
6896
12499
345
6897
8814
12763
3507
8495
3187
11977
1370
4599
6437
7795
362
3101
8101
8754
4176
3821
6404
13026
4207
3968
6068
1534
10945
5473
4564
11620
8331
10622
6385
2526
1572
6401
12581
10912
956
2859
12013
6417
7381
7552
522
11292
12656
1555
1576
11573
1363
9082
10012
1312
6755
11162
3036
2002
11206
5435
5043
5164
5297
1783
10215
8120
9526
6695
11304
12287
5607
9079
4072
9906
720
7318
6361
11705
1540
11395
185
10743
2951
7591
6513
257
4796
3453
4484
6272
3874
8641
9460
3884
710
4612
8497
5634
8129
7464
2466
7214
8790
1484
10421
428
6314
5262
9922
983
12372
8556
10383
12154
9301
2385
9740
3453
6047
10852
5457
8701
4031
6589
7062
3005
3909
11423
10952
4227
1003
1932
3190
5618
8394
270
3108
1895
3181
9307
3787
3821
5371
1810
5901
2007
1068
2987
761
11043
11651
4427
7480
10249
7109
10507
6779
4273
4585
8030
7714
6456
11412
2871
10954
10919
8821
5971
121
5400
3135
7692
148
12141
12796
6412
6325
12372
4823
12409
6577
3459
3108
1089
5577
5298
1951
11880
11015
2904
12100
12973
8501
8399
3656
3486
3514
6860
7967
12579
12804
8633
11416
8327
4667
11344
7968
4874
11551
3227
1187
860
8235
7059
7777
11217
1297
7915
10226
8823
2488
672
2998
12044
3408
12583
989
3465
4603
9974
10270
7520
6699
2686
494
12558
3332
6479
10031
12477
1864
6686
3663
10663
6471
2317
7152
12397
2773
12499
7653
5957
9763
5880
12856
10726
2221
1999
7008
9089
5103
3970
449
10978
6312
11465
1837
2081
1811
9123
5433
11756
3402
8905
5983
12049
8597
2450
2384
1902
11556
6888
2776
1354
2495
7224
5132
7882
8097
5385
5714
6975
2508
5372
9203
10413
3360
12995
1050
4498
12324
11222
210
4880
9528
2657
8491
7999
2255
1051
1194
9735
9562
11680
10664
12754
9251
12991
2277
8989
4609
5706
658
3387
805
11026
8166
12879
9248
4893
3380
1475
1177
11272
6986
581
7067
347
4982
8074
7840
11356
4698
6980
11424
1594
526
12018
12767
11849
7091
12931
8050
5541
2054
11176
10589
11249
1762
5850
2572
4559
7504
7485
6830
1200
5615
1040
2470
7860
8900
2179
12992
713
7526
10539
12190
10387
551
3812
2303
12114
2706
12063
1982
902
368
10351
9640
2886
993
9492
7871
9592
5558
4223
8690
5697
8741
1851
8809
11401
892
12943
11878
8577
10815
4582
287
12766
6159
12390
13000
2447
5005
5277
2668
7493
5777
675
8553
2436
10269
11241
3736
11162
9351
6154
5896
3616
9286
5208
6307
3695
7503
4050
5274
2316
9158
5993
10046
3114
6198
3089
7951
4291
10252
11131
6784
8254
8771
1512
11357
6774
1271
5099
1583
6928
11031
8093
4101
6534
6800
6748
8007
10281
9433
11257
452
8240
3734
12071
3730
8613
9203
216
9172
6280
8094
2331
4416
5754
6425
12552
2376
6159
4616
4676
6233
1095
9310
11372
2385
6403
7330
8606
7282
10804
6995
11341
11262
6857
2236
396
2549
10545
4021
8365
5937
3663
7909
10512
5323
9148
2348
799
11874
10587
5086
3985
2880
4456
9388
10817
6410
1721
10382
6464
4048
4589
7075
770
5690
11388
5795
7546
8050
9849
12323
12539
7187
11276
12460
8386
12686
7887
6678
5270
11079
10321
7126
3567
9463
8135
9998
7765
2197
10603
8937
2453
4799
10587
10012
8732
10685
2301
9021
11139
2163
903
9844
4243
2195
11232
4893
1398
10083
11127
9954
5992
4035
2261
8582
10485
11140
9791
3277
10126
8493
5356
2509
5315
9442
1883
9584
5444
7340
5927
13089
8442
12630
10927
5087
7799
13003
5306
1095
1541
674
8363
9196
2740
1294
2878
791
12210
12768
527
993
6188
11301
4129
10230
4102
11371
10584
6131
7043
9497
2738
12587
3229
8264
8033
67
1592
2665
1823
10413
1188
7342
8705
8022
1740
6873
9018
7850
2680
12645
4265
8451
3806
3171
5391
5469
7586
10469
9780
6541
9939
11342
5971
8626
5901
3749
6330
3268
9936
6349
2529
9441
12318
7064
1645
3520
2732
5148
11018
7940
8677
2461
12081
11184
4390
9402
1090
7328
4799
139
5297
11124
4021
503
9213
8981
7161
7157
159
3570
11272
188
2666
7492
1060
9591
9408
12381
11970
128
5697
12085
11079
6754
8574
1364
2704
9465
2813
2276
4475
6508
9587
559
11970
10509
12568
1629
4282
6989
3617
9501
3625
6246
3983
7372
5659
5022
8407
5431
2973
2406
9586
11581
10406
4157
11049
3891
112
2468
2511
9442
8792
9832
2286
1414
10542
2747
9622
7433
1044
11327
11091
9930
4797
679
1687
5319
5342
3099
7766
12511
8235
2862
6393
4308
652
6012
4078
10891
4534
7141
11770
2149
286
10034
8924
7454
9314
10785
518
1327
7839
8659
10404
271
12827
5540
10668
4129
12115
7056
10036
4471
1249
12086
12692
7805
8565
4076
4978
7990
4218
9509
9428
12661
7336
488
9148
5898
11254
9095
5025
4088
2270
7063
9060
8698
6136
10093
13020
45
5234
394
11304
11146
1396
7869
12181
6861
1923
9762
11451
412
7078
2107
7078
1198
12443
7336
2251
3652
12811
5007
10164
3779
7789
8103
8009
4429
9049
10187
10513
8928
9770
12533
993
3340
8376
794
8264
5870
7450
1667
1500
13046
1360
10256
9763
19
4670
10843
7219
1016
3861
12349
9523
8121
2016
6819
1651
2536
13042
8155
11454
840
4998
816
1389
10893
2282
8010
10919
2710
6067
4295
12075
11849
8063
298
2876
8636
5884
10927
10264
4922
7085
12232
3224
5138
8436
4758
4027
11534
3139
12993
4531
4752
2916
7762
1972
4644
9035
721
10433
1835
11406
9390
8130
8615
2355
10679
4553
6922
5151
959
4104
2563
12368
5359
11043
2539
4606
10028
9562
7213
10169
808
11135
3813
8968
3793
11852
1328
8673
9204
3649
1082
4322
2122
423
8588
5243
7693
158
7478
11184
7062
1190
811
3016
12153
6908
1493
956
11065
6062
11166
5992
6807
6845
832
8963
5215
7428
11087
925
4686
7103
4928
11582
418
6292
10451
4979
3571
7889
3265
13045
9520
7361
45
8279
7152
10613
9683
1249
2931
1029
12267
8352
7091
13105
5111
8336
8679
10925
11344
5183
4307
4528
11227
932
2588
10290
6378
9485
3969
13091
6923
6358
8240
8824
7113
11468
10758
9162
2066
2756
247
8551
5948
2219
10649
5413
6375
5989
4268
11841
12222
8041
5515
12434
11270
12279
360
3520
8133
6980
7999
7705
11385
6433
9697
11474
9271
2464
10578
9254
12555
9307
11144
9879
7274
5320
6747
5243
810
7374
1775
6181
4247
2686
12334
1461
2989
262
5122
9895
7880
5397
8212
3338
3073
8872
743
1451
281
3933
834
10993
2975
5058
10972
5963
11666
2671
4279
1213
4368
11409
4342
9671
10701
1911
9139
1225
3873
4716
8591
7421
4303
6098
3698
5039
1178
2741
902
10888
6681
5776
8453
7986
7248
6898
7834
4323
7987
11962
5681
1692
150
10419
8647
5216
8953
12017
13036
8562
11814
6547
9076
6861
2665
3860
115
11272
5169
9903
10159
12840
9158
4398
1448
317
317
12121
3302
5906
4780
5101
6746
8423
4059
3298
4796
8515
9166
6482
8403
686
5027
6288
11410
12442
1650
86
9675
902
8047
6278
8737
103
8028
2849
6736
7831
2977
11439
5500
5087
3975
12925
9855
3492
12331
8646
2504
2470
1877
4716
12349
665
7610
11035
742
8729
6491
2623
11856
11700
9298
627
9660
11260
10189
10627
5423
4386
3304
2073
2866
2833
1032
7262
10843
1789
1548
12211
4997
2824
10306
6415
9222
11883
10873
8197
8165
13073
2807
12888
5711
9413
1921
8225
6328
12895
2876
4531
11363
9816
8988
983
3531
6622
11005
5912
12098
11649
7266
6343
8927
5558
11898
4750
3089
4986
12710
4872
5728
9997
8930
12544
10017
5650
11593
11583
11757
4289
6090
7230
5597
11117
8051
5402
9039
4306
3124
6916
9432
8615
6043
3079
4390
174
3688
12539
4470
9577
4402
1623
11396
3757
10447
2935
10800
5425
5093
12870
6218
4412
7023
8584
2034
1849
8236
6078
1300
3389
5537
1813
5235
1000
7246
7851
1097
8927
2378
9848
4307
9444
10070
5521
10322
5123
12604
5111
581
7222
8146
7717
2734
12583
12562
5057
7927
8388
10680
222
8087
4811
569
1769
8432
3667
551
6440
2298
8172
5043
9518
67
7963
7933
3981
7333
5219
1012
7317
4710
3028
588
11433
7773
8466
9979
12759
10917
11190
9969
4784
11323
2969
3313
11455
8327
11845
8402
4324
4606
7051
2197
4683
8853
1967
8948
4128
762
1698
7106
4352
2579
4372
8166
6488
8155
4449
6111
1881
5219
10382
7283
3914
12520
11931
9181
2726
706
1086
7374
379
11252
8132
3971
8189
1942
8001
4469
6471
8501
11892
3396
10652
6448
3241
10706
8194
10374
6387
1321
1673
4653
12640
10289
1423
6733
12958
7006
6404
1077
5930
6843
75
5738
7498
883
96
9545
9804
5436
5001
2665
7278
8211
7962
8854
11218
7764
12159
1225
507
2480
8546
3419
4991
7062
7673
8615
7018
5354
7489
5268
1920
9552
2311
4397
7695
3093
6326
2928
10752
3221
259
1174
5149
7128
10710
8882
7119
5375
7447
309
5780
9920
12412
2241
7234
5306
267
56
1608
6191
10596
2558
10469
11757
12521
3864
4748
1109
6923
12321
7740
8762
12460
2339
3216
5433
594
12202
2557
3072
2817
7521
8393
4322
9701
8451
6352
6158
2698
8836
10760
4916
723
1857
7170
3172
3396
7360
1261
5082
1641
8981
4124
307
2802
10956
5691
1786
5211
4820
2576
6900
416
3159
1115
12242
3391
9664
9064
4232
5653
3764
2687
3501
8684
5570
292
6190
6620
11501
6395
5545
9828
10017
9904
1920
4572
12237
10247
1459
6224
5477
5657
3278
8983
240
9453
1216
3071
73
2383
677
6411
12596
4532
10475
6366
9515
4743
10550
7990
6398
9573
12623
5004
12919
2256
4936
5239
11005
7981
3153
5022
202
3720
11379
4499
5216
13044
10921
11698
6642
6079
3185
8747
4153
10689
1613
11523
2989
2611
12449
12914
1795
6876
3743
6534
8565
4243
7226
11887
5552
9686
12071
9492
7733
8383
4503
8762
4945
11241
8912
12628
10415
7193
12915
9979
6177
9001
11636
9094
7989
8779
1584
7239
903
857
2156
1061
7558
6152
116
11913
702
6491
734
7878
974
11592
1816
10857
5884
9869
8653
8846
12190
12414
11366
776
599
6969
3184
3747
700
5355
417
9491
375
686
11471
7916
817
4865
7685
12445
7880
9131
588
8116
11786
11816
2840
6439
7943
8246
3883
9913
6109
8724
12780
4609
2058
5529
11023
6628
3180
7220
11726
5449
3390
8921
2531
661
11998
3756
8147
894
5669
8783
10353
11553
13073
998
548
10732
4515
12257
8070
5708
6052
2855
11777
12209
5578
12207
10886
9316
4687
9563
5534
610
6598
8499
5163
11721
5788
12790
12506
10565
5495
3065
9007
12974
10493
3838
7547
6306
8610
8061
1865
5782
6190
7993
9490
7724
12728
1715
11308
9840
1064
1053
10844
6964
107
2012
3327
1530
5914
9179
12069
2687
12173
9330
8402
660
3118
12279
3672
8396
517
1556
11847
9
7287
4644
540
8051
5407
7770
1160
12853
7769
3118
10788
3720
6749
11692
620
2575
3244
2860
4721
10571
10876
12136
680
8712
9764
11696
1587
12670
6330
5135
5543
11072
3500
6038
12275
10490
11374
5120
2061
3346
7545
4432
8170
2923
3547
818
7198
1456
8360
10346
7971
8512
6488
2613
10703
12296
3271
7144
7315
8159
6359
11560
9525
2612
8706
5721
13080
5732
12557
1255
2887
12143
2759
185
12312
10016
239
4714
477
4459
12182
2267
6620
3633
10352
4636
4447
6170
2446
10205
7297
3611
513
7046
4465
10429
3958
3850
4109
4118
10490
10227
12147
11127
2373
5272
12897
10775
-3
12906
3720
11279
12183
8265
5079
9540
1108
9315
6789
4852
6358
12827
7577
1221
8353
10549
3790
11268
3131
7101
6185
9506
187
213
5625
4913
8733
1773
6187
10650
12632
8285
7409
1996
12367
12068
1223
7143
3252
1227
9898
3104
7581
391
7670
9667
3607
8257
1286
1603
419
2486
7337
6015
9448
11481
4906
4716
4588
4580
8053
8566
1974
6543
8639
2515
10199
3971
12596
10077
8514
10800
12430
2322
5201
4147
546
4970
5853
6079
10399
10628
9656
9797
2163
10592
7031
12220
12006
2021
5405
8912
1655
9978
4007
3712
10974
6025
9726
7068
10839
12339
2087
9504
6559
10367
4895
9469
11928
8921
1924
3282
11801
8570
11931
2945
4944
7365
7620
3383
9229
8055
7018
3403
2863
643
8830
2410
11509
12257
8371
11624
407
1318
1921
1550
4070
2430
5734
8326
8564
10599
11383
5736
5817
11528
7963
1730
10268
179
6245
5556
11641
1231
11808
9499
7909
12246
13079
11731
727
1226
10182
1384
5372
10374
6260
10827
10231
12600
329
12274
3070
5644
7954
12755
12429
2836
5087
6271
6167
12496
4438
6588
1535
5811
2490
2756
6499
4382
6845
8070
1890
12000
12611
5979
3975
676
6875
2222
10605
2935
818
179
1523
9336
11200
3974
5794
11709
4003
10136
355
8801
10309
895
7143
252
7679
4581
7970
8689
13000
581
5524
11549
6594
9168
7159
5559
2044
12756
10448
7544
12918
9824
3438
4162
7962
4955
5852
8385
12042
367
7088
12569
12355
2485
10738
8817
10079
3646
2005
10969
8528
4922
8672
12650
2679
1208
6273
12456
9691
7307
8457
1572
9487
6945
1750
5441
4694
8409
12975
8951
3720
9841
7877
1398
5542
5792
1192
9951
12068
8275
11040
3601
3173
4044
1830
8501
4884
5208
12274
2214
1906
9761
9885
6059
9301
3143
9119
8782
1335
553
7836
9835
12549
12477
3843
11878
4553
11759
145
1715
9471
7121
11676
11633
146
512
8288
11916
10687
11422
3409
1611
9736
11268
291
9220
11449
3447
5370
3242
4351
367
3842
962
13062
1857
2709
8525
4387
1652
9563
1883
4690
8507
130
1257
9205
3494
5420
2967
10980
3630
3749
4617
5270
9446
11188
5887
8501
6358
3107
10680
571
7148
7917
4954
12531
4306
5624
1650
6626
2652
11750
8481
6641
1108
5427
10660
7321
2452
3405
7550
3272
11452
4622
11783
6413
8563
1902
10493
12669
3817
8440
7029
9573
555
7268
11723
11725
309
7204
8230
6271
9120
8690
13088
4590
6306
10665
5988
4250
6511
5850
5764
4635
5491
3886
3971
11473
6268
3913
4775
3385
7380
7750
1040
5055
6093
8795
4603
4826
3090
8565
12394
4856
8945
8917
651
7491
12801
5569
12332
3178
5151
9792
10422
12585
2306
6010
7953
12193
6807
2819
3156
5964
9038
7123
7992
6614
3415
12790
12788
5688
6229
4338
4852
10541
9595
1265
2014
4604
2691
12550
8974
789
7557
5758
1591
4889
11812
8814
4585
6853
7821
3866
457
12967
7261
6043
10393
1068
4964
13084
6490
8465
9850
8748
9075
11750
12017
7370
2151
4887
3928
8208
7868
260
3152
3907
5172
5257
11220
3670
7516
264
437
5728
11159
10381
7069
10604
10435
8001
3466
9978
1857
849
7525
3335
2667
3511
10629
3020
5720
10696
11784
1873
1403
11357
1105
7834
1244
4573
10484
1533
10744
3853
8530
542
3821
3867
6994
7192
3739
1097
11341
10384
8409
3198
12498
2314
9104
479
6352
9811
10779
4742
1743
9468
1552
11028
3985
1487
2634
306
12988
6825
1685
9336
10131
150
6030
5647
12032
1885
5571
13096
8232
1490
2919
3172
5237
300
5994
10763
6693
3540
8855
2545
8397
988
686
9079
7837
1623
2503
9605
2521
4349
556
1877
2912
9763
12601
8253
7611
7312
11559
4544
6565
3331
8080
8037
12072
11551
3678
9727
12613
5780
11137
13026
7260
5443
10796
8688
2120
5239
561
3695
8682
11596
7861
12554
4185
1892
11758
10808
11846
3315
10774
8164
12218
3090
634
5462
368
4453
6004
5470
5386
5451
9141
12333
6648
5969
11136
6485
9119
2888
3106
12838
2108
258
4509
325
11620
7960
11424
5846
10133
2510
11945
10770
11371
7706
3252
2740
9589
6364
10201
12669
12173
11060
977
9419
8360
5356
594
5688
5166
4695
9823
8264
12397
974
4118
9328
3250
477
12964
5581
7528
10961
4158
5727
9893
4344
5823
585
7063
11901
7013
133
1148
11471
4350
6666
7608
12946
10836
2928
12534
1188
805
7096
10216
11614
697
11666
2928
10897
11165
2574
2496
1988
9213
6067
7071
13056
4785
6334
6072
9097
6778
8710
12602
2089
4262
13015
6131
5313
1433
1436
7579
2512
1947
6806
12055
10399
7884
12156
1811
11691
7380
9019
83
7875
3124
5161
8810
7921
3119
7578
136
5642
205
7228
1581
11090
5331
4607
12258
4915
4070
10929
12541
12293
6446
11432
1680
8297
6547
9084
10630
8132
9549
4384
11908
1885
7658
2925
1274
8940
10412
11648
2540
2727
10785
10332
8369
7731
5639
3508
1546
1415
4542
8405
3804
1363
891
5289
8682
9746
10326
7300
7432
11980
5895
855
3680
3233
11960
5844
3456
3337
3418
6176
6824
8022
2994
13040
1152
7032
9832
12087
8529
4201
8261
3635
3622
12655
4663
5565
3715
12627
134
5056
2981
2314
4335
4110
107
11404
11592
743
1548
11140
4803
11536
22
9579
342
3809
7076
4438
2856
13053
8741
2897
1082
12911
1457
3921
4385
9655
3314
8244
2671
7248
1495
4014
6217
125
6212
6276
8746
7179
1413
6414
4426
2277
1925
2003
6587
3870
7430
1915
2491
8817
10544
6904
1509
6662
6470
4942
6335
8539
4287
7594
11946
12115
648
9245
6373
7679
7403
435
12165
11990
2366
9185
11877
11919
12647
12677
5917
1642
3168
8004
6773
8296
2567
5865
8467
1220
8098
12809
10204
12738
10057
2003
2301
11393
4656
3553
6132
12777
8721
13084
10931
8539
10270
6677
3918
1863
12688
9943
2151
5287
1787
11530
7258
756
6220
9137
1183
6296
2407
4909
9193
86
4364
2443
7015
3382
11213
5337
313
7940
8636
4417
635
9852
11296
5760
3208
5636
2146
8104
5664
3218
4214
7944
2023
8245
10202
6407
4802
12007
5101
4526
2987
7351
3732
235
410
6017
11421
164
3356
5409
12194
6685
9674
9298
11351
6770
12750
10848
808
1735
7120
3578
4879
12315
8787
6937
9709
7013
11629
1910
12173
2122
10968
12347
5008
6377
2704
4478
2954
6379
10093
10846
4814
6322
7458
6824
9726
3515
2745
11725
8815
5094
3831
7919
4722
6966
12564
5762
6517
657
7471
5378
19
7901
6675
12541
11601
12149
1319
3608
3150
9601
8768
10198
4599
9400
9284
8872
12266
9405
2419
8973
6622
12768
12671
11251
11220
6958
4825
7079
8928
9757
10901
5981
3975
12356
9449
11963
7239
2375
3346
1691
9647
1944
7284
9179
10062
2305
10748
2273
5189
5121
8234
9923
7487
12853
4730
2010
12238
7703
9920
6767
5595
10919
7686
6916
436
12534
5909
8058
8436
7664
9308
3578
490
8307
6996
6869
29
4216
940
6608
7474
4103
10028
2172
4963
12993
10007
1451
2154
11194
6233
7156
4868
365
3307
4821
11649
12039
2342
4849
12063
12785
109
7522
12654
7767
2697
8930
12311
1539
1698
8716
5300
122
4303
6166
12304
1263
12658
11116
8137
12823
4958
4080
8483
7102
9737
2893
857
7932
11557
12928
8387
9077
2479
5257
11053
12086
8875
1344
12626
353
2092
1930
4545
6625
7118
9488
9960
11594
3419
12909
11474
1483
10744
13061
11665
1135
6255
10898
3407
3837
531
10078
7390
7503
10414
8203
6453
295
7215
2884
12573
166
10824
12409
4527
4297
1800
6366
11173
5779
5713
8380
-7
11880
8530
3691
3086
11510
4836
5820
8818
9910
8272
6886
12487
12511
11338
8084
3081
10449
12198
12678
4104
7055
3886
7297
11084
6559
4509
10657
9511
4669
10305
5670
7425
6687
2987
4551
4174
8213
10931
10508
13072
3534
1741
7345
7391
8841
12346
3176
11714
8443
5491
10140
11896
7400
3092
12750
10422
7215
11612
3400
5102
9400
1312
6326
8494
7549
5291
11491
3549
7156
10351
1948
5697
7989
6883
8951
8621
963
865
11414
10372
6087
1566
7483
1690
7272
10649
9026
8433
6558
13055
11598
4654
1461
8789
5342
10719
3299
6962
657
9574
4580
8558
3021
8910
673
3726
2610
13045
12921
10205
4897
9837
8625
8340
10372
11281
6200
9037
9131
4376
11495
5273
3195
8250
8228
3741
4301
1906
2483
6073
7216
10897
3275
4410
3797
12178
4862
5144
11985
10968
9861
1571
1547
1191
1664
948
4810
6406
10266
469
6467
4166
9272
4339
5149
9512
11191
3130
11319
2687
7047
7271
7324
2713
12577
3409
943
11563
11032
4255
1802
12307
2735
8279
12759
8356
3534
421
9554
11756
5828
6754
927
7060
6745
6705
11665
8520
11470
4187
1743
892
12431
8635
9927
13017
9048
4412
10744
9639
3158
801
8816
7385
9086
4662
4058
9305
